26-May-2021 00:25:03.634 정보 [main] org.apache.catalina.startup.VersionLoggerListener.log 서버 버전 이름:    Apache Tomcat/8.5.66
26-May-2021 00:25:03.639 정보 [main] org.apache.catalina.startup.VersionLoggerListener.log Server 빌드 시각:  May 8 2021 22:44:01 UTC
26-May-2021 00:25:03.640 정보 [main] org.apache.catalina.startup.VersionLoggerListener.log Server 버전 번호:  8.5.66.0
26-May-2021 00:25:03.640 정보 [main] org.apache.catalina.startup.VersionLoggerListener.log 운영체제 이름:     Windows 10
26-May-2021 00:25:03.640 정보 [main] org.apache.catalina.startup.VersionLoggerListener.log 운영체제 버전:     10.0
26-May-2021 00:25:03.640 정보 [main] org.apache.catalina.startup.VersionLoggerListener.log 아키텍처:          amd64
26-May-2021 00:25:03.640 정보 [main] org.apache.catalina.startup.VersionLoggerListener.log 자바 홈:           C:\Program Files\Java\jre1.8.0_291
26-May-2021 00:25:03.640 정보 [main] org.apache.catalina.startup.VersionLoggerListener.log JVM 버전:          1.8.0_291-b10
26-May-2021 00:25:03.640 정보 [main] org.apache.catalina.startup.VersionLoggerListener.log JVM 벤더:          Oracle Corporation
26-May-2021 00:25:03.640 정보 [main] org.apache.catalina.startup.VersionLoggerListener.log CATALINA_BASE:     C:\tomcat8
26-May-2021 00:25:03.641 정보 [main] org.apache.catalina.startup.VersionLoggerListener.log CATALINA_HOME:     C:\tomcat8
26-May-2021 00:25:03.641 정보 [main] org.apache.catalina.startup.VersionLoggerListener.log 명령 행 아규먼트:  -Dcatalina.home=C:\tomcat8
26-May-2021 00:25:03.641 정보 [main] org.apache.catalina.startup.VersionLoggerListener.log 명령 행 아규먼트:  -Dcatalina.base=C:\tomcat8
26-May-2021 00:25:03.642 정보 [main] org.apache.catalina.startup.VersionLoggerListener.log 명령 행 아규먼트:  -Djava.io.tmpdir=C:\tomcat8\temp
26-May-2021 00:25:03.643 정보 [main] org.apache.catalina.startup.VersionLoggerListener.log 명령 행 아규먼트:  -Djava.util.logging.manager=org.apache.juli.ClassLoaderLogManager
26-May-2021 00:25:03.644 정보 [main] org.apache.catalina.startup.VersionLoggerListener.log 명령 행 아규먼트:  -Djava.util.logging.config.file=C:\tomcat8\conf\logging.properties
26-May-2021 00:25:03.645 정보 [main] org.apache.catalina.startup.VersionLoggerListener.log 명령 행 아규먼트:  exit
26-May-2021 00:25:03.645 정보 [main] org.apache.catalina.startup.VersionLoggerListener.log 명령 행 아규먼트:  abort
26-May-2021 00:25:03.646 정보 [main] org.apache.catalina.startup.VersionLoggerListener.log 명령 행 아규먼트:  -Xms128m
26-May-2021 00:25:03.646 정보 [main] org.apache.catalina.startup.VersionLoggerListener.log 명령 행 아규먼트:  -Xmx256m
26-May-2021 00:25:03.647 정보 [main] org.apache.catalina.core.AprLifecycleListener.lifecycleEvent 프로덕션 환경들에서 최적의 성능을 제공하는, APR 기반 Apache Tomcat Native 라이브러리가, 다음 java.library.path에서 발견되지 않습니다: [C:\tomcat8\bin;C:\WINDOWS\Sun\Java\bin;C:\WINDOWS\system32;C:\WINDOWS;C:\Program Files\Java\jre1.8.0_291\bin;C:\oraclexe\app\oracle\product\11.2.0\server\bin;;C:\Program Files (x86)\Common Files\Oracle\Java\javapath;C:\WINDOWS\system32;C:\WINDOWS;C:\WINDOWS\System32\Wbem;C:\WINDOWS\System32\WindowsPowerShell\v1.0\;C:\WINDOWS\System32\OpenSSH\;C:\Program Files\Docker\Docker\resources\bin;C:\ProgramData\DockerDesktop\version-bin;C:\Program Files\Java\jdk1.8.0_291\bin;C:\Users\gpdlr\AppData\Local\Microsoft\WindowsApps;C:\Users\gpdlr\AppData\Local\Programs\Microsoft VS Code\bin;.]
26-May-2021 00:25:03.746 정보 [main] org.apache.coyote.AbstractProtocol.init 프로토콜 핸들러 ["http-nio-8090"]을(를) 초기화합니다.
26-May-2021 00:25:03.757 심각 [main] org.apache.catalina.core.StandardService.initInternal Failed to initialize connector [Connector[HTTP/1.1-8090]]
	org.apache.catalina.LifecycleException: 프로토콜 핸들러 초기화가 실패했습니다.
		at org.apache.catalina.connector.Connector.initInternal(Connector.java:1076)
		at org.apache.catalina.util.LifecycleBase.init(LifecycleBase.java:136)
		at org.apache.catalina.core.StandardService.initInternal(StandardService.java:552)
		at org.apache.catalina.util.LifecycleBase.init(LifecycleBase.java:136)
		at org.apache.catalina.core.StandardServer.initInternal(StandardServer.java:846)
		at org.apache.catalina.util.LifecycleBase.init(LifecycleBase.java:136)
		at org.apache.catalina.startup.Catalina.load(Catalina.java:639)
		at org.apache.catalina.startup.Catalina.load(Catalina.java:662)
		at sun.reflect.NativeMethodAccessorImpl.invoke0(Native Method)
		at sun.reflect.NativeMethodAccessorImpl.invoke(Unknown Source)
		at sun.reflect.DelegatingMethodAccessorImpl.invoke(Unknown Source)
		at java.lang.reflect.Method.invoke(Unknown Source)
		at org.apache.catalina.startup.Bootstrap.load(Bootstrap.java:302)
		at org.apache.catalina.startup.Bootstrap.main(Bootstrap.java:472)
	Caused by: java.net.BindException: Address already in use: bind
		at sun.nio.ch.Net.bind0(Native Method)
		at sun.nio.ch.Net.bind(Unknown Source)
		at sun.nio.ch.Net.bind(Unknown Source)
		at sun.nio.ch.ServerSocketChannelImpl.bind(Unknown Source)
		at sun.nio.ch.ServerSocketAdaptor.bind(Unknown Source)
		at org.apache.tomcat.util.net.NioEndpoint.bind(NioEndpoint.java:222)
		at org.apache.tomcat.util.net.AbstractEndpoint.init(AbstractEndpoint.java:1143)
		at org.apache.tomcat.util.net.AbstractJsseEndpoint.init(AbstractJsseEndpoint.java:222)
		at org.apache.coyote.AbstractProtocol.init(AbstractProtocol.java:599)
		at org.apache.coyote.http11.AbstractHttp11Protocol.init(AbstractHttp11Protocol.java:80)
		at org.apache.catalina.connector.Connector.initInternal(Connector.java:1074)
		... 13 more
26-May-2021 00:25:03.758 정보 [main] org.apache.catalina.startup.Catalina.load Initialization processed in 379 ms
26-May-2021 00:25:03.812 정보 [main] org.apache.catalina.core.StandardService.startInternal 서비스 [Catalina]을(를) 시작합니다.
26-May-2021 00:25:03.816 정보 [main] org.apache.catalina.core.StandardEngine.startInternal 서버 엔진을 시작합니다: [Apache Tomcat/8.5.66]
26-May-2021 00:25:03.855 정보 [localhost-startStop-1] org.apache.catalina.startup.HostConfig.deployWAR 웹 애플리케이션 아카이브 [C:\tomcat8\webapps\webShop.war]을(를) 배치합니다.
26-May-2021 00:25:04.143 경고 [localhost-startStop-1] org.apache.catalina.util.SessionIdGeneratorBase.createSecureRandom [SHA1PRNG] 알고리즘을 사용하여, 세션 ID를 생성하기 위한 SecureRandom 객체를 생성하는데, [141] 밀리초가 소요됐습니다.
26-May-2021 00:25:04.158 정보 [localhost-startStop-1] org.apache.catalina.startup.HostConfig.deployWAR 웹 애플리케이션 아카이브 [C:\tomcat8\webapps\webShop.war]의 배치가 [303] 밀리초에 완료되었습니다.
26-May-2021 00:25:04.160 정보 [localhost-startStop-1] org.apache.catalina.startup.HostConfig.deployDirectory 웹 애플리케이션 디렉토리 [C:\tomcat8\webapps\docs]을(를) 배치합니다.
26-May-2021 00:25:04.174 정보 [localhost-startStop-1] org.apache.catalina.startup.HostConfig.deployDirectory 웹 애플리케이션 디렉토리 [C:\tomcat8\webapps\docs]에 대한 배치가 [14] 밀리초에 완료되었습니다.
26-May-2021 00:25:04.175 정보 [localhost-startStop-1] org.apache.catalina.startup.HostConfig.deployDirectory 웹 애플리케이션 디렉토리 [C:\tomcat8\webapps\manager]을(를) 배치합니다.
26-May-2021 00:25:04.198 정보 [localhost-startStop-1] org.apache.catalina.startup.HostConfig.deployDirectory 웹 애플리케이션 디렉토리 [C:\tomcat8\webapps\manager]에 대한 배치가 [23] 밀리초에 완료되었습니다.
26-May-2021 00:25:04.202 정보 [localhost-startStop-1] org.apache.catalina.startup.HostConfig.deployDirectory 웹 애플리케이션 디렉토리 [C:\tomcat8\webapps\ROOT]을(를) 배치합니다.
26-May-2021 00:25:04.215 정보 [localhost-startStop-1] org.apache.catalina.startup.HostConfig.deployDirectory 웹 애플리케이션 디렉토리 [C:\tomcat8\webapps\ROOT]에 대한 배치가 [13] 밀리초에 완료되었습니다.
26-May-2021 00:25:04.218 정보 [main] org.apache.catalina.startup.Catalina.start Server startup in 458 ms
26-May-2021 00:25:04.220 심각 [main] org.apache.catalina.core.StandardServer.await StandardServer.await: create[localhost:8005]: 
	java.net.BindException: Address already in use: JVM_Bind
		at java.net.DualStackPlainSocketImpl.bind0(Native Method)
		at java.net.DualStackPlainSocketImpl.socketBind(Unknown Source)
		at java.net.AbstractPlainSocketImpl.bind(Unknown Source)
		at java.net.PlainSocketImpl.bind(Unknown Source)
		at java.net.ServerSocket.bind(Unknown Source)
		at java.net.ServerSocket.<init>(Unknown Source)
		at org.apache.catalina.core.StandardServer.await(StandardServer.java:421)
		at org.apache.catalina.startup.Catalina.await(Catalina.java:776)
		at org.apache.catalina.startup.Catalina.start(Catalina.java:722)
		at sun.reflect.NativeMethodAccessorImpl.invoke0(Native Method)
		at sun.reflect.NativeMethodAccessorImpl.invoke(Unknown Source)
		at sun.reflect.DelegatingMethodAccessorImpl.invoke(Unknown Source)
		at java.lang.reflect.Method.invoke(Unknown Source)
		at org.apache.catalina.startup.Bootstrap.start(Bootstrap.java:342)
		at org.apache.catalina.startup.Bootstrap.main(Bootstrap.java:473)
26-May-2021 00:25:04.221 정보 [main] org.apache.coyote.AbstractProtocol.pause 프로토콜 핸들러 ["http-nio-8090"]을(를) 일시 정지 중
26-May-2021 00:25:04.222 정보 [main] org.apache.catalina.core.StandardService.stopInternal 서비스 [Catalina]을(를) 중지시킵니다.
26-May-2021 00:25:04.234 정보 [main] org.apache.coyote.AbstractProtocol.stop 프로토콜 핸들러 ["http-nio-8090"]을(를) 중지시킵니다.
26-May-2021 00:25:04.236 정보 [main] org.apache.coyote.AbstractProtocol.destroy 프로토콜 핸들러 ["http-nio-8090"]을(를) 소멸시킵니다.
